# JRE version: OpenJDK Runtime Environment (8.0_152-b06) (build 1.8.0_152-release-1136-b06)
# Java VM: OpenJDK 64-Bit Server VM (25.152-b06 mixed mode windows-amd64 compressed oops)
Heap:
 PSYoungGen      total 61952K, used 11835K [0x00000000e0000000, 0x00000000e4a00000, 0x0000000100000000)
  eden space 56832K, 11% used [0x00000000e0000000,0x00000000e0695b60,0x00000000e3780000)
  from space 5120K, 99% used [0x00000000e4500000,0x00000000e49f9260,0x00000000e4a00000)
  to   space 5120K, 0% used [0x00000000e4000000,0x00000000e4000000,0x00000000e4500000)
 ParOldGen       total 61952K, used 14012K [0x00000000a0000000, 0x00000000a3c80000, 0x00000000e0000000)
  object space 61952K, 22% used [0x00000000a0000000,0x00000000a0daf328,0x00000000a3c80000)
 Metaspace       used 26440K, capacity 26976K, committed 27440K, reserved 1073152K
  class space    used 3376K, capacity 3540K, committed 3632K, reserved 1048576K
GC Heap History (10 events):
Event: 0.458 GC heap before
{Heap before GC invocations=2 (full 1):
 PSYoungGen      total 37888K, used 2890K [0x00000000e0000000, 0x00000000e2a00000, 0x0000000100000000)
  eden space 32768K, 0% used [0x00000000e0000000,0x00000000e0000000,0x00000000e2000000)
  from space 5120K, 56% used [0x00000000e2000000,0x00000000e22d2800,0x00000000e2500000)
  to   space 5120K, 0% used [0x00000000e2500000,0x00000000e2500000,0x00000000e2a00000)
 ParOldGen       total 86016K, used 8K [0x00000000a0000000, 0x00000000a5400000, 0x00000000e0000000)
  object space 86016K, 0% used [0x00000000a0000000,0x00000000a0002000,0x00000000a5400000)
 Metaspace       used 9006K, capacity 9174K, committed 9216K, reserved 1056768K
  class space    used 958K, capacity 1023K, committed 1024K, reserved 1048576K
Event: 0.468 GC heap after
Heap after GC invocations=2 (full 1):
 PSYoungGen      total 37888K, used 0K [0x00000000e0000000, 0x00000000e2a00000, 0x0000000100000000)
  eden space 32768K, 0% used [0x00000000e0000000,0x00000000e0000000,0x00000000e2000000)
  from space 5120K, 0% used [0x00000000e2000000,0x00000000e2000000,0x00000000e2500000)
  to   space 5120K, 0% used [0x00000000e2500000,0x00000000e2500000,0x00000000e2a00000)
 ParOldGen       total 86016K, used 2693K [0x00000000a0000000, 0x00000000a5400000, 0x00000000e0000000)
  object space 86016K, 3% used [0x00000000a0000000,0x00000000a02a14a0,0x00000000a5400000)
 Metaspace       used 9006K, capacity 9174K, committed 9216K, reserved 1056768K
  class space    used 958K, capacity 1023K, committed 1024K, reserved 1048576K
}
Event: 6.934 GC heap before
{Heap before GC invocations=3 (full 1):
 PSYoungGen      total 37888K, used 32768K [0x00000000e0000000, 0x00000000e2a00000, 0x0000000100000000)
  eden space 32768K, 100% used [0x00000000e0000000,0x00000000e2000000,0x00000000e2000000)
  from space 5120K, 0% used [0x00000000e2000000,0x00000000e2000000,0x00000000e2500000)
  to   space 5120K, 0% used [0x00000000e2500000,0x00000000e2500000,0x00000000e2a00000)
 ParOldGen       total 86016K, used 2693K [0x00000000a0000000, 0x00000000a5400000, 0x00000000e0000000)
  object space 86016K, 3% used [0x00000000a0000000,0x00000000a02a14a0,0x00000000a5400000)
 Metaspace       used 14064K, capacity 14290K, committed 14592K, reserved 1062912K
  class space    used 1618K, capacity 1697K, committed 1792K, reserved 1048576K
Event: 6.940 GC heap after
Heap after GC invocations=3 (full 1):
 PSYoungGen      total 37888K, used 5097K [0x00000000e0000000, 0x00000000e2a00000, 0x0000000100000000)
  eden space 32768K, 0% used [0x00000000e0000000,0x00000000e0000000,0x00000000e2000000)
  from space 5120K, 99% used [0x00000000e2500000,0x00000000e29fa758,0x00000000e2a00000)
  to   space 5120K, 0% used [0x00000000e2000000,0x00000000e2000000,0x00000000e2500000)
 ParOldGen       total 86016K, used 4915K [0x00000000a0000000, 0x00000000a5400000, 0x00000000e0000000)
  object space 86016K, 5% used [0x00000000a0000000,0x00000000a04cced8,0x00000000a5400000)
 Metaspace       used 14064K, capacity 14290K, committed 14592K, reserved 1062912K
  class space    used 1618K, capacity 1697K, committed 1792K, reserved 1048576K
}
Event: 7.386 GC heap before
{Heap before GC invocations=4 (full 1):
 PSYoungGen      total 37888K, used 37865K [0x00000000e0000000, 0x00000000e2a00000, 0x0000000100000000)
  eden space 32768K, 100% used [0x00000000e0000000,0x00000000e2000000,0x00000000e2000000)
  from space 5120K, 99% used [0x00000000e2500000,0x00000000e29fa758,0x00000000e2a00000)
  to   space 5120K, 0% used [0x00000000e2000000,0x00000000e2000000,0x00000000e2500000)
 ParOldGen       total 86016K, used 4915K [0x00000000a0000000, 0x00000000a5400000, 0x00000000e0000000)
  object space 86016K, 5% used [0x00000000a0000000,0x00000000a04cced8,0x00000000a5400000)
 Metaspace       used 20803K, capacity 21134K, committed 21296K, reserved 1069056K
  class space    used 2495K, capacity 2577K, committed 2608K, reserved 1048576K
Event: 7.395 GC heap after
Heap after GC invocations=4 (full 1):
 PSYoungGen      total 37888K, used 5111K [0x00000000e0000000, 0x00000000e4a00000, 0x0000000100000000)
  eden space 32768K, 0% used [0x00000000e0000000,0x00000000e0000000,0x00000000e2000000)
  from space 5120K, 99% used [0x00000000e2000000,0x00000000e24fdf70,0x00000000e2500000)
  to   space 5120K, 0% used [0x00000000e4500000,0x00000000e4500000,0x00000000e4a00000)
 ParOldGen       total 86016K, used 10265K [0x00000000a0000000, 0x00000000a5400000, 0x00000000e0000000)
  object space 86016K, 11% used [0x00000000a0000000,0x00000000a0a065d0,0x00000000a5400000)
 Metaspace       used 20803K, capacity 21134K, committed 21296K, reserved 1069056K
  class space    used 2495K, capacity 2577K, committed 2608K, reserved 1048576K
}
Event: 7.395 GC heap before
{Heap before GC invocations=5 (full 2):
 PSYoungGen      total 37888K, used 5111K [0x00000000e0000000, 0x00000000e4a00000, 0x0000000100000000)
  eden space 32768K, 0% used [0x00000000e0000000,0x00000000e0000000,0x00000000e2000000)
  from space 5120K, 99% used [0x00000000e2000000,0x00000000e24fdf70,0x00000000e2500000)
  to   space 5120K, 0% used [0x00000000e4500000,0x00000000e4500000,0x00000000e4a00000)
 ParOldGen       total 86016K, used 10265K [0x00000000a0000000, 0x00000000a5400000, 0x00000000e0000000)
  object space 86016K, 11% used [0x00000000a0000000,0x00000000a0a065d0,0x00000000a5400000)
 Metaspace       used 20803K, capacity 21134K, committed 21296K, reserved 1069056K
  class space    used 2495K, capacity 2577K, committed 2608K, reserved 1048576K
Event: 7.432 GC heap after
Heap after GC invocations=5 (full 2):
 PSYoungGen      total 37888K, used 0K [0x00000000e0000000, 0x00000000e4a00000, 0x0000000100000000)
  eden space 32768K, 0% used [0x00000000e0000000,0x00000000e0000000,0x00000000e2000000)
  from space 5120K, 0% used [0x00000000e2000000,0x00000000e2000000,0x00000000e2500000)
  to   space 5120K, 0% used [0x00000000e4500000,0x00000000e4500000,0x00000000e4a00000)
 ParOldGen       total 61952K, used 11401K [0x00000000a0000000, 0x00000000a3c80000, 0x00000000e0000000)
  object space 61952K, 18% used [0x00000000a0000000,0x00000000a0b22498,0x00000000a3c80000)
 Metaspace       used 20803K, capacity 21134K, committed 21296K, reserved 1069056K
  class space    used 2495K, capacity 2577K, committed 2608K, reserved 1048576K
}
Event: 7.854 GC heap before
{Heap before GC invocations=6 (full 2):
 PSYoungGen      total 37888K, used 32768K [0x00000000e0000000, 0x00000000e4a00000, 0x0000000100000000)
  eden space 32768K, 100% used [0x00000000e0000000,0x00000000e2000000,0x00000000e2000000)
  from space 5120K, 0% used [0x00000000e2000000,0x00000000e2000000,0x00000000e2500000)
  to   space 5120K, 0% used [0x00000000e4500000,0x00000000e4500000,0x00000000e4a00000)
 ParOldGen       total 61952K, used 11401K [0x00000000a0000000, 0x00000000a3c80000, 0x00000000e0000000)
  object space 61952K, 18% used [0x00000000a0000000,0x00000000a0b22498,0x00000000a3c80000)
 Metaspace       used 25594K, capacity 26110K, committed 26544K, reserved 1073152K
  class space    used 3263K, capacity 3443K, committed 3504K, reserved 1048576K
Event: 7.864 GC heap after
Heap after GC invocations=6 (full 2):
 PSYoungGen      total 61952K, used 5092K [0x00000000e0000000, 0x00000000e4a00000, 0x0000000100000000)
  eden space 56832K, 0% used [0x00000000e0000000,0x00000000e0000000,0x00000000e3780000)
  from space 5120K, 99% used [0x00000000e4500000,0x00000000e49f9260,0x00000000e4a00000)
  to   space 5120K, 0% used [0x00000000e4000000,0x00000000e4000000,0x00000000e4500000)
 ParOldGen       total 61952K, used 14012K [0x00000000a0000000, 0x00000000a3c80000, 0x00000000e0000000)
  object space 61952K, 22% used [0x00000000a0000000,0x00000000a0daf328,0x00000000a3c80000)
 Metaspace       used 25594K, capacity 26110K, committed 26544K, reserved 1073152K
  class space    used 3263K, capacity 3443K, committed 3504K, reserved 1048576K
}

