# JRE version: OpenJDK Runtime Environment (8.0_152-b06) (build 1.8.0_152-release-1136-b06)
# Java VM: OpenJDK 64-Bit Server VM (25.152-b06 mixed mode windows-amd64 compressed oops)
Heap:
 PSYoungGen      total 220672K, used 105319K [0x00000000e0000000, 0x00000000f0480000, 0x0000000100000000)
  eden space 194560K, 40% used [0x00000000e0000000,0x00000000e4d61860,0x00000000ebe00000)
  from space 26112K, 99% used [0x00000000edf80000,0x00000000ef8f8418,0x00000000ef900000)
  to   space 34304K, 0% used [0x00000000ebe00000,0x00000000ebe00000,0x00000000edf80000)
 ParOldGen       total 77312K, used 38503K [0x00000000a0000000, 0x00000000a4b80000, 0x00000000e0000000)
  object space 77312K, 49% used [0x00000000a0000000,0x00000000a2599e10,0x00000000a4b80000)
 Metaspace       used 55685K, capacity 56686K, committed 57136K, reserved 1099776K
  class space    used 6811K, capacity 7108K, committed 7216K, reserved 1048576K
GC Heap History (10 events):
Event: 4.111 GC heap before
{Heap before GC invocations=7 (full 2):
 PSYoungGen      total 70656K, used 65536K [0x00000000e0000000, 0x00000000e4a00000, 0x0000000100000000)
  eden space 65536K, 100% used [0x00000000e0000000,0x00000000e4000000,0x00000000e4000000)
  from space 5120K, 0% used [0x00000000e4500000,0x00000000e4500000,0x00000000e4a00000)
  to   space 5120K, 0% used [0x00000000e4000000,0x00000000e4000000,0x00000000e4500000)
 ParOldGen       total 53248K, used 11507K [0x00000000a0000000, 0x00000000a3400000, 0x00000000e0000000)
  object space 53248K, 21% used [0x00000000a0000000,0x00000000a0b3cf18,0x00000000a3400000)
 Metaspace       used 29514K, capacity 29989K, committed 30256K, reserved 1075200K
  class space    used 3880K, capacity 4037K, committed 4144K, reserved 1048576K
Event: 4.125 GC heap after
Heap after GC invocations=7 (full 2):
 PSYoungGen      total 70656K, used 5099K [0x00000000e0000000, 0x00000000e8480000, 0x0000000100000000)
  eden space 65536K, 0% used [0x00000000e0000000,0x00000000e0000000,0x00000000e4000000)
  from space 5120K, 99% used [0x00000000e4000000,0x00000000e44faee0,0x00000000e4500000)
  to   space 5120K, 0% used [0x00000000e7f80000,0x00000000e7f80000,0x00000000e8480000)
 ParOldGen       total 53248K, used 19524K [0x00000000a0000000, 0x00000000a3400000, 0x00000000e0000000)
  object space 53248K, 36% used [0x00000000a0000000,0x00000000a13110c0,0x00000000a3400000)
 Metaspace       used 29514K, capacity 29989K, committed 30256K, reserved 1075200K
  class space    used 3880K, capacity 4037K, committed 4144K, reserved 1048576K
}
Event: 4.596 GC heap before
{Heap before GC invocations=8 (full 2):
 PSYoungGen      total 70656K, used 50029K [0x00000000e0000000, 0x00000000e8480000, 0x0000000100000000)
  eden space 65536K, 68% used [0x00000000e0000000,0x00000000e2be0550,0x00000000e4000000)
  from space 5120K, 99% used [0x00000000e4000000,0x00000000e44faee0,0x00000000e4500000)
  to   space 5120K, 0% used [0x00000000e7f80000,0x00000000e7f80000,0x00000000e8480000)
 ParOldGen       total 53248K, used 19524K [0x00000000a0000000, 0x00000000a3400000, 0x00000000e0000000)
  object space 53248K, 36% used [0x00000000a0000000,0x00000000a13110c0,0x00000000a3400000)
 Metaspace       used 34687K, capacity 35194K, committed 35496K, reserved 1081344K
  class space    used 4476K, capacity 4630K, committed 4656K, reserved 1048576K
Event: 4.609 GC heap after
Heap after GC invocations=8 (full 2):
 PSYoungGen      total 116736K, used 5108K [0x00000000e0000000, 0x00000000e9e00000, 0x0000000100000000)
  eden space 111616K, 0% used [0x00000000e0000000,0x00000000e0000000,0x00000000e6d00000)
  from space 5120K, 99% used [0x00000000e7f80000,0x00000000e847d3a8,0x00000000e8480000)
  to   space 18944K, 0% used [0x00000000e6d00000,0x00000000e6d00000,0x00000000e7f80000)
 ParOldGen       total 53248K, used 30530K [0x00000000a0000000, 0x00000000a3400000, 0x00000000e0000000)
  object space 53248K, 57% used [0x00000000a0000000,0x00000000a1dd0ae0,0x00000000a3400000)
 Metaspace       used 34687K, capacity 35194K, committed 35496K, reserved 1081344K
  class space    used 4476K, capacity 4630K, committed 4656K, reserved 1048576K
}
Event: 4.609 GC heap before
{Heap before GC invocations=9 (full 3):
 PSYoungGen      total 116736K, used 5108K [0x00000000e0000000, 0x00000000e9e00000, 0x0000000100000000)
  eden space 111616K, 0% used [0x00000000e0000000,0x00000000e0000000,0x00000000e6d00000)
  from space 5120K, 99% used [0x00000000e7f80000,0x00000000e847d3a8,0x00000000e8480000)
  to   space 18944K, 0% used [0x00000000e6d00000,0x00000000e6d00000,0x00000000e7f80000)
 ParOldGen       total 53248K, used 30530K [0x00000000a0000000, 0x00000000a3400000, 0x00000000e0000000)
  object space 53248K, 57% used [0x00000000a0000000,0x00000000a1dd0ae0,0x00000000a3400000)
 Metaspace       used 34687K, capacity 35194K, committed 35496K, reserved 1081344K
  class space    used 4476K, capacity 4630K, committed 4656K, reserved 1048576K
Event: 4.696 GC heap after
Heap after GC invocations=9 (full 3):
 PSYoungGen      total 116736K, used 0K [0x00000000e0000000, 0x00000000e9e00000, 0x0000000100000000)
  eden space 111616K, 0% used [0x00000000e0000000,0x00000000e0000000,0x00000000e6d00000)
  from space 5120K, 0% used [0x00000000e7f80000,0x00000000e7f80000,0x00000000e8480000)
  to   space 18944K, 0% used [0x00000000e6d00000,0x00000000e6d00000,0x00000000e7f80000)
 ParOldGen       total 77312K, used 23173K [0x00000000a0000000, 0x00000000a4b80000, 0x00000000e0000000)
  object space 77312K, 29% used [0x00000000a0000000,0x00000000a16a17c0,0x00000000a4b80000)
 Metaspace       used 34687K, capacity 35194K, committed 35496K, reserved 1081344K
  class space    used 4476K, capacity 4630K, committed 4656K, reserved 1048576K
}
Event: 6.560 GC heap before
{Heap before GC invocations=10 (full 3):
 PSYoungGen      total 116736K, used 111616K [0x00000000e0000000, 0x00000000e9e00000, 0x0000000100000000)
  eden space 111616K, 100% used [0x00000000e0000000,0x00000000e6d00000,0x00000000e6d00000)
  from space 5120K, 0% used [0x00000000e7f80000,0x00000000e7f80000,0x00000000e8480000)
  to   space 18944K, 0% used [0x00000000e6d00000,0x00000000e6d00000,0x00000000e7f80000)
 ParOldGen       total 77312K, used 23173K [0x00000000a0000000, 0x00000000a4b80000, 0x00000000e0000000)
  object space 77312K, 29% used [0x00000000a0000000,0x00000000a16a17c0,0x00000000a4b80000)
 Metaspace       used 46517K, capacity 47340K, committed 47920K, reserved 1091584K
  class space    used 5889K, capacity 6119K, committed 6192K, reserved 1048576K
Event: 6.584 GC heap after
Heap after GC invocations=10 (full 3):
 PSYoungGen      total 130560K, used 18916K [0x00000000e0000000, 0x00000000ef900000, 0x0000000100000000)
  eden space 111616K, 0% used [0x00000000e0000000,0x00000000e0000000,0x00000000e6d00000)
  from space 18944K, 99% used [0x00000000e6d00000,0x00000000e7f792b0,0x00000000e7f80000)
  to   space 26112K, 0% used [0x00000000edf80000,0x00000000edf80000,0x00000000ef900000)
 ParOldGen       total 77312K, used 30044K [0x00000000a0000000, 0x00000000a4b80000, 0x00000000e0000000)
  object space 77312K, 38% used [0x00000000a0000000,0x00000000a1d57350,0x00000000a4b80000)
 Metaspace       used 46517K, capacity 47340K, committed 47920K, reserved 1091584K
  class space    used 5889K, capacity 6119K, committed 6192K, reserved 1048576K
}
Event: 9.020 GC heap before
{Heap before GC invocations=11 (full 3):
 PSYoungGen      total 130560K, used 130532K [0x00000000e0000000, 0x00000000ef900000, 0x0000000100000000)
  eden space 111616K, 100% used [0x00000000e0000000,0x00000000e6d00000,0x00000000e6d00000)
  from space 18944K, 99% used [0x00000000e6d00000,0x00000000e7f792b0,0x00000000e7f80000)
  to   space 26112K, 0% used [0x00000000edf80000,0x00000000edf80000,0x00000000ef900000)
 ParOldGen       total 77312K, used 30044K [0x00000000a0000000, 0x00000000a4b80000, 0x00000000e0000000)
  object space 77312K, 38% used [0x00000000a0000000,0x00000000a1d57350,0x00000000a4b80000)
 Metaspace       used 54966K, capacity 55994K, committed 56496K, reserved 1099776K
  class space    used 6782K, capacity 7074K, committed 7088K, reserved 1048576K
Event: 9.057 GC heap after
Heap after GC invocations=11 (full 3):
 PSYoungGen      total 220672K, used 26081K [0x00000000e0000000, 0x00000000f0480000, 0x0000000100000000)
  eden space 194560K, 0% used [0x00000000e0000000,0x00000000e0000000,0x00000000ebe00000)
  from space 26112K, 99% used [0x00000000edf80000,0x00000000ef8f8418,0x00000000ef900000)
  to   space 34304K, 0% used [0x00000000ebe00000,0x00000000ebe00000,0x00000000edf80000)
 ParOldGen       total 77312K, used 38503K [0x00000000a0000000, 0x00000000a4b80000, 0x00000000e0000000)
  object space 77312K, 49% used [0x00000000a0000000,0x00000000a2599e10,0x00000000a4b80000)
 Metaspace       used 54966K, capacity 55994K, committed 56496K, reserved 1099776K
  class space    used 6782K, capacity 7074K, committed 7088K, reserved 1048576K
}

