# JRE version: OpenJDK Runtime Environment (8.0_152-b06) (build 1.8.0_152-release-1136-b06)
# Java VM: OpenJDK 64-Bit Server VM (25.152-b06 mixed mode windows-amd64 compressed oops)
Heap:
 PSYoungGen      total 53248K, used 30486K [0x00000000e0000000, 0x00000000e4a00000, 0x0000000100000000)
  eden space 48128K, 63% used [0x00000000e0000000,0x00000000e1dc5a08,0x00000000e2f00000)
  from space 5120K, 0% used [0x00000000e4500000,0x00000000e4500000,0x00000000e4a00000)
  to   space 5120K, 0% used [0x00000000e4000000,0x00000000e4000000,0x00000000e4500000)
 ParOldGen       total 71680K, used 15859K [0x00000000a0000000, 0x00000000a4600000, 0x00000000e0000000)
  object space 71680K, 22% used [0x00000000a0000000,0x00000000a0f7ce60,0x00000000a4600000)
 Metaspace       used 38002K, capacity 38547K, committed 39080K, reserved 1083392K
  class space    used 4766K, capacity 4920K, committed 5040K, reserved 1048576K
GC Heap History (10 events):
Event: 2.101 GC heap before
{Heap before GC invocations=5 (full 2):
 PSYoungGen      total 37888K, used 5111K [0x00000000e0000000, 0x00000000e4a00000, 0x0000000100000000)
  eden space 32768K, 0% used [0x00000000e0000000,0x00000000e0000000,0x00000000e2000000)
  from space 5120K, 99% used [0x00000000e2000000,0x00000000e24fdf40,0x00000000e2500000)
  to   space 5120K, 0% used [0x00000000e4500000,0x00000000e4500000,0x00000000e4a00000)
 ParOldGen       total 86016K, used 10303K [0x00000000a0000000, 0x00000000a5400000, 0x00000000e0000000)
  object space 86016K, 11% used [0x00000000a0000000,0x00000000a0a0fe10,0x00000000a5400000)
 Metaspace       used 20778K, capacity 21134K, committed 21296K, reserved 1069056K
  class space    used 2490K, capacity 2577K, committed 2608K, reserved 1048576K
Event: 2.139 GC heap after
Heap after GC invocations=5 (full 2):
 PSYoungGen      total 37888K, used 0K [0x00000000e0000000, 0x00000000e4a00000, 0x0000000100000000)
  eden space 32768K, 0% used [0x00000000e0000000,0x00000000e0000000,0x00000000e2000000)
  from space 5120K, 0% used [0x00000000e2000000,0x00000000e2000000,0x00000000e2500000)
  to   space 5120K, 0% used [0x00000000e4500000,0x00000000e4500000,0x00000000e4a00000)
 ParOldGen       total 71680K, used 11256K [0x00000000a0000000, 0x00000000a4600000, 0x00000000e0000000)
  object space 71680K, 15% used [0x00000000a0000000,0x00000000a0afe1c8,0x00000000a4600000)
 Metaspace       used 20778K, capacity 21134K, committed 21296K, reserved 1069056K
  class space    used 2490K, capacity 2577K, committed 2608K, reserved 1048576K
}
Event: 2.869 GC heap before
{Heap before GC invocations=6 (full 2):
 PSYoungGen      total 37888K, used 32768K [0x00000000e0000000, 0x00000000e4a00000, 0x0000000100000000)
  eden space 32768K, 100% used [0x00000000e0000000,0x00000000e2000000,0x00000000e2000000)
  from space 5120K, 0% used [0x00000000e2000000,0x00000000e2000000,0x00000000e2500000)
  to   space 5120K, 0% used [0x00000000e4500000,0x00000000e4500000,0x00000000e4a00000)
 ParOldGen       total 71680K, used 11256K [0x00000000a0000000, 0x00000000a4600000, 0x00000000e0000000)
  object space 71680K, 15% used [0x00000000a0000000,0x00000000a0afe1c8,0x00000000a4600000)
 Metaspace       used 25585K, capacity 26110K, committed 26544K, reserved 1073152K
  class space    used 3260K, capacity 3443K, committed 3504K, reserved 1048576K
Event: 2.898 GC heap after
Heap after GC invocations=6 (full 2):
 PSYoungGen      total 53248K, used 5119K [0x00000000e0000000, 0x00000000e4a00000, 0x0000000100000000)
  eden space 48128K, 0% used [0x00000000e0000000,0x00000000e0000000,0x00000000e2f00000)
  from space 5120K, 99% used [0x00000000e4500000,0x00000000e49ffe08,0x00000000e4a00000)
  to   space 5120K, 0% used [0x00000000e4000000,0x00000000e4000000,0x00000000e4500000)
 ParOldGen       total 71680K, used 14059K [0x00000000a0000000, 0x00000000a4600000, 0x00000000e0000000)
  object space 71680K, 19% used [0x00000000a0000000,0x00000000a0dbafb8,0x00000000a4600000)
 Metaspace       used 25585K, capacity 26110K, committed 26544K, reserved 1073152K
  class space    used 3260K, capacity 3443K, committed 3504K, reserved 1048576K
}
Event: 3.622 GC heap before
{Heap before GC invocations=7 (full 2):
 PSYoungGen      total 53248K, used 53247K [0x00000000e0000000, 0x00000000e4a00000, 0x0000000100000000)
  eden space 48128K, 100% used [0x00000000e0000000,0x00000000e2f00000,0x00000000e2f00000)
  from space 5120K, 99% used [0x00000000e4500000,0x00000000e49ffe08,0x00000000e4a00000)
  to   space 5120K, 0% used [0x00000000e4000000,0x00000000e4000000,0x00000000e4500000)
 ParOldGen       total 71680K, used 14059K [0x00000000a0000000, 0x00000000a4600000, 0x00000000e0000000)
  object space 71680K, 19% used [0x00000000a0000000,0x00000000a0dbafb8,0x00000000a4600000)
 Metaspace       used 32686K, capacity 33136K, committed 33584K, reserved 1079296K
  class space    used 4123K, capacity 4284K, committed 4400K, reserved 1048576K
Event: 3.635 GC heap after
Heap after GC invocations=7 (full 2):
 PSYoungGen      total 53248K, used 5105K [0x00000000e0000000, 0x00000000e4a00000, 0x0000000100000000)
  eden space 48128K, 0% used [0x00000000e0000000,0x00000000e0000000,0x00000000e2f00000)
  from space 5120K, 99% used [0x00000000e4000000,0x00000000e44fc508,0x00000000e4500000)
  to   space 5120K, 0% used [0x00000000e4500000,0x00000000e4500000,0x00000000e4a00000)
 ParOldGen       total 71680K, used 24372K [0x00000000a0000000, 0x00000000a4600000, 0x00000000e0000000)
  object space 71680K, 34% used [0x00000000a0000000,0x00000000a17cd180,0x00000000a4600000)
 Metaspace       used 32686K, capacity 33136K, committed 33584K, reserved 1079296K
  class space    used 4123K, capacity 4284K, committed 4400K, reserved 1048576K
}
Event: 3.889 GC heap before
{Heap before GC invocations=8 (full 2):
 PSYoungGen      total 53248K, used 14641K [0x00000000e0000000, 0x00000000e4a00000, 0x0000000100000000)
  eden space 48128K, 19% used [0x00000000e0000000,0x00000000e094ff80,0x00000000e2f00000)
  from space 5120K, 99% used [0x00000000e4000000,0x00000000e44fc508,0x00000000e4500000)
  to   space 5120K, 0% used [0x00000000e4500000,0x00000000e4500000,0x00000000e4a00000)
 ParOldGen       total 71680K, used 24372K [0x00000000a0000000, 0x00000000a4600000, 0x00000000e0000000)
  object space 71680K, 34% used [0x00000000a0000000,0x00000000a17cd180,0x00000000a4600000)
 Metaspace       used 34704K, capacity 35178K, committed 35496K, reserved 1081344K
  class space    used 4361K, capacity 4513K, committed 4528K, reserved 1048576K
Event: 3.896 GC heap after
Heap after GC invocations=8 (full 2):
 PSYoungGen      total 53248K, used 5094K [0x00000000e0000000, 0x00000000e4a00000, 0x0000000100000000)
  eden space 48128K, 0% used [0x00000000e0000000,0x00000000e0000000,0x00000000e2f00000)
  from space 5120K, 99% used [0x00000000e4500000,0x00000000e49f99b8,0x00000000e4a00000)
  to   space 5120K, 0% used [0x00000000e4000000,0x00000000e4000000,0x00000000e4500000)
 ParOldGen       total 71680K, used 26998K [0x00000000a0000000, 0x00000000a4600000, 0x00000000e0000000)
  object space 71680K, 37% used [0x00000000a0000000,0x00000000a1a5d908,0x00000000a4600000)
 Metaspace       used 34704K, capacity 35178K, committed 35496K, reserved 1081344K
  class space    used 4361K, capacity 4513K, committed 4528K, reserved 1048576K
}
Event: 3.896 GC heap before
{Heap before GC invocations=9 (full 3):
 PSYoungGen      total 53248K, used 5094K [0x00000000e0000000, 0x00000000e4a00000, 0x0000000100000000)
  eden space 48128K, 0% used [0x00000000e0000000,0x00000000e0000000,0x00000000e2f00000)
  from space 5120K, 99% used [0x00000000e4500000,0x00000000e49f99b8,0x00000000e4a00000)
  to   space 5120K, 0% used [0x00000000e4000000,0x00000000e4000000,0x00000000e4500000)
 ParOldGen       total 71680K, used 26998K [0x00000000a0000000, 0x00000000a4600000, 0x00000000e0000000)
  object space 71680K, 37% used [0x00000000a0000000,0x00000000a1a5d908,0x00000000a4600000)
 Metaspace       used 34704K, capacity 35178K, committed 35496K, reserved 1081344K
  class space    used 4361K, capacity 4513K, committed 4528K, reserved 1048576K
Event: 3.961 GC heap after
Heap after GC invocations=9 (full 3):
 PSYoungGen      total 53248K, used 0K [0x00000000e0000000, 0x00000000e4a00000, 0x0000000100000000)
  eden space 48128K, 0% used [0x00000000e0000000,0x00000000e0000000,0x00000000e2f00000)
  from space 5120K, 0% used [0x00000000e4500000,0x00000000e4500000,0x00000000e4a00000)
  to   space 5120K, 0% used [0x00000000e4000000,0x00000000e4000000,0x00000000e4500000)
 ParOldGen       total 71680K, used 15859K [0x00000000a0000000, 0x00000000a4600000, 0x00000000e0000000)
  object space 71680K, 22% used [0x00000000a0000000,0x00000000a0f7ce60,0x00000000a4600000)
 Metaspace       used 34704K, capacity 35178K, committed 35496K, reserved 1081344K
  class space    used 4361K, capacity 4513K, committed 4528K, reserved 1048576K
}

