# JRE version: OpenJDK Runtime Environment (8.0_152-b06) (build 1.8.0_152-release-1136-b06)
# Java VM: OpenJDK 64-Bit Server VM (25.152-b06 mixed mode windows-amd64 compressed oops)
Heap:
 PSYoungGen      total 37888K, used 10103K [0x00000000e0000000, 0x00000000e2a00000, 0x0000000100000000)
  eden space 32768K, 15% used [0x00000000e0000000,0x00000000e04dde88,0x00000000e2000000)
  from space 5120K, 99% used [0x00000000e2500000,0x00000000e29ffeb0,0x00000000e2a00000)
  to   space 5120K, 0% used [0x00000000e2000000,0x00000000e2000000,0x00000000e2500000)
 ParOldGen       total 66048K, used 13902K [0x00000000a0000000, 0x00000000a4080000, 0x00000000e0000000)
  object space 66048K, 21% used [0x00000000a0000000,0x00000000a0d93850,0x00000000a4080000)
 Metaspace       used 26299K, capacity 26848K, committed 27184K, reserved 1073152K
  class space    used 3353K, capacity 3540K, committed 3632K, reserved 1048576K
GC Heap History (10 events):
Event: 0.458 GC heap before
{Heap before GC invocations=2 (full 1):
 PSYoungGen      total 37888K, used 2871K [0x00000000e0000000, 0x00000000e2a00000, 0x0000000100000000)
  eden space 32768K, 0% used [0x00000000e0000000,0x00000000e0000000,0x00000000e2000000)
  from space 5120K, 56% used [0x00000000e2000000,0x00000000e22cdc58,0x00000000e2500000)
  to   space 5120K, 0% used [0x00000000e2500000,0x00000000e2500000,0x00000000e2a00000)
 ParOldGen       total 86016K, used 8K [0x00000000a0000000, 0x00000000a5400000, 0x00000000e0000000)
  object space 86016K, 0% used [0x00000000a0000000,0x00000000a0002000,0x00000000a5400000)
 Metaspace       used 9000K, capacity 9174K, committed 9216K, reserved 1056768K
  class space    used 959K, capacity 1023K, committed 1024K, reserved 1048576K
Event: 0.468 GC heap after
Heap after GC invocations=2 (full 1):
 PSYoungGen      total 37888K, used 0K [0x00000000e0000000, 0x00000000e2a00000, 0x0000000100000000)
  eden space 32768K, 0% used [0x00000000e0000000,0x00000000e0000000,0x00000000e2000000)
  from space 5120K, 0% used [0x00000000e2000000,0x00000000e2000000,0x00000000e2500000)
  to   space 5120K, 0% used [0x00000000e2500000,0x00000000e2500000,0x00000000e2a00000)
 ParOldGen       total 86016K, used 2694K [0x00000000a0000000, 0x00000000a5400000, 0x00000000e0000000)
  object space 86016K, 3% used [0x00000000a0000000,0x00000000a02a1988,0x00000000a5400000)
 Metaspace       used 9000K, capacity 9174K, committed 9216K, reserved 1056768K
  class space    used 959K, capacity 1023K, committed 1024K, reserved 1048576K
}
Event: 3.927 GC heap before
{Heap before GC invocations=3 (full 1):
 PSYoungGen      total 37888K, used 32768K [0x00000000e0000000, 0x00000000e2a00000, 0x0000000100000000)
  eden space 32768K, 100% used [0x00000000e0000000,0x00000000e2000000,0x00000000e2000000)
  from space 5120K, 0% used [0x00000000e2000000,0x00000000e2000000,0x00000000e2500000)
  to   space 5120K, 0% used [0x00000000e2500000,0x00000000e2500000,0x00000000e2a00000)
 ParOldGen       total 86016K, used 2694K [0x00000000a0000000, 0x00000000a5400000, 0x00000000e0000000)
  object space 86016K, 3% used [0x00000000a0000000,0x00000000a02a1988,0x00000000a5400000)
 Metaspace       used 14060K, capacity 14290K, committed 14592K, reserved 1062912K
  class space    used 1619K, capacity 1697K, committed 1792K, reserved 1048576K
Event: 3.933 GC heap after
Heap after GC invocations=3 (full 1):
 PSYoungGen      total 37888K, used 5098K [0x00000000e0000000, 0x00000000e2a00000, 0x0000000100000000)
  eden space 32768K, 0% used [0x00000000e0000000,0x00000000e0000000,0x00000000e2000000)
  from space 5120K, 99% used [0x00000000e2500000,0x00000000e29faa88,0x00000000e2a00000)
  to   space 5120K, 0% used [0x00000000e2000000,0x00000000e2000000,0x00000000e2500000)
 ParOldGen       total 86016K, used 4935K [0x00000000a0000000, 0x00000000a5400000, 0x00000000e0000000)
  object space 86016K, 5% used [0x00000000a0000000,0x00000000a04d1f70,0x00000000a5400000)
 Metaspace       used 14060K, capacity 14290K, committed 14592K, reserved 1062912K
  class space    used 1619K, capacity 1697K, committed 1792K, reserved 1048576K
}
Event: 4.468 GC heap before
{Heap before GC invocations=4 (full 1):
 PSYoungGen      total 37888K, used 37673K [0x00000000e0000000, 0x00000000e2a00000, 0x0000000100000000)
  eden space 32768K, 99% used [0x00000000e0000000,0x00000000e1fcfcb0,0x00000000e2000000)
  from space 5120K, 99% used [0x00000000e2500000,0x00000000e29faa88,0x00000000e2a00000)
  to   space 5120K, 0% used [0x00000000e2000000,0x00000000e2000000,0x00000000e2500000)
 ParOldGen       total 86016K, used 4935K [0x00000000a0000000, 0x00000000a5400000, 0x00000000e0000000)
  object space 86016K, 5% used [0x00000000a0000000,0x00000000a04d1f70,0x00000000a5400000)
 Metaspace       used 20782K, capacity 21134K, committed 21296K, reserved 1069056K
  class space    used 2485K, capacity 2577K, committed 2608K, reserved 1048576K
Event: 4.478 GC heap after
Heap after GC invocations=4 (full 1):
 PSYoungGen      total 37888K, used 5095K [0x00000000e0000000, 0x00000000e2a00000, 0x0000000100000000)
  eden space 32768K, 0% used [0x00000000e0000000,0x00000000e0000000,0x00000000e2000000)
  from space 5120K, 99% used [0x00000000e2000000,0x00000000e24f9f70,0x00000000e2500000)
  to   space 5120K, 0% used [0x00000000e2500000,0x00000000e2500000,0x00000000e2a00000)
 ParOldGen       total 86016K, used 10248K [0x00000000a0000000, 0x00000000a5400000, 0x00000000e0000000)
  object space 86016K, 11% used [0x00000000a0000000,0x00000000a0a021b0,0x00000000a5400000)
 Metaspace       used 20782K, capacity 21134K, committed 21296K, reserved 1069056K
  class space    used 2485K, capacity 2577K, committed 2608K, reserved 1048576K
}
Event: 4.478 GC heap before
{Heap before GC invocations=5 (full 2):
 PSYoungGen      total 37888K, used 5095K [0x00000000e0000000, 0x00000000e2a00000, 0x0000000100000000)
  eden space 32768K, 0% used [0x00000000e0000000,0x00000000e0000000,0x00000000e2000000)
  from space 5120K, 99% used [0x00000000e2000000,0x00000000e24f9f70,0x00000000e2500000)
  to   space 5120K, 0% used [0x00000000e2500000,0x00000000e2500000,0x00000000e2a00000)
 ParOldGen       total 86016K, used 10248K [0x00000000a0000000, 0x00000000a5400000, 0x00000000e0000000)
  object space 86016K, 11% used [0x00000000a0000000,0x00000000a0a021b0,0x00000000a5400000)
 Metaspace       used 20782K, capacity 21134K, committed 21296K, reserved 1069056K
  class space    used 2485K, capacity 2577K, committed 2608K, reserved 1048576K
Event: 4.514 GC heap after
Heap after GC invocations=5 (full 2):
 PSYoungGen      total 37888K, used 0K [0x00000000e0000000, 0x00000000e2a00000, 0x0000000100000000)
  eden space 32768K, 0% used [0x00000000e0000000,0x00000000e0000000,0x00000000e2000000)
  from space 5120K, 0% used [0x00000000e2000000,0x00000000e2000000,0x00000000e2500000)
  to   space 5120K, 0% used [0x00000000e2500000,0x00000000e2500000,0x00000000e2a00000)
 ParOldGen       total 66048K, used 11393K [0x00000000a0000000, 0x00000000a4080000, 0x00000000e0000000)
  object space 66048K, 17% used [0x00000000a0000000,0x00000000a0b20428,0x00000000a4080000)
 Metaspace       used 20782K, capacity 21134K, committed 21296K, reserved 1069056K
  class space    used 2485K, capacity 2577K, committed 2608K, reserved 1048576K
}
Event: 4.931 GC heap before
{Heap before GC invocations=6 (full 2):
 PSYoungGen      total 37888K, used 32768K [0x00000000e0000000, 0x00000000e2a00000, 0x0000000100000000)
  eden space 32768K, 100% used [0x00000000e0000000,0x00000000e2000000,0x00000000e2000000)
  from space 5120K, 0% used [0x00000000e2000000,0x00000000e2000000,0x00000000e2500000)
  to   space 5120K, 0% used [0x00000000e2500000,0x00000000e2500000,0x00000000e2a00000)
 ParOldGen       total 66048K, used 11393K [0x00000000a0000000, 0x00000000a4080000, 0x00000000e0000000)
  object space 66048K, 17% used [0x00000000a0000000,0x00000000a0b20428,0x00000000a4080000)
 Metaspace       used 25624K, capacity 26174K, committed 26544K, reserved 1073152K
  class space    used 3261K, capacity 3443K, committed 3504K, reserved 1048576K
Event: 4.940 GC heap after
Heap after GC invocations=6 (full 2):
 PSYoungGen      total 37888K, used 5119K [0x00000000e0000000, 0x00000000e2a00000, 0x0000000100000000)
  eden space 32768K, 0% used [0x00000000e0000000,0x00000000e0000000,0x00000000e2000000)
  from space 5120K, 99% used [0x00000000e2500000,0x00000000e29ffeb0,0x00000000e2a00000)
  to   space 5120K, 0% used [0x00000000e2000000,0x00000000e2000000,0x00000000e2500000)
 ParOldGen       total 66048K, used 13902K [0x00000000a0000000, 0x00000000a4080000, 0x00000000e0000000)
  object space 66048K, 21% used [0x00000000a0000000,0x00000000a0d93850,0x00000000a4080000)
 Metaspace       used 25624K, capacity 26174K, committed 26544K, reserved 1073152K
  class space    used 3261K, capacity 3443K, committed 3504K, reserved 1048576K
}

