# JRE version: OpenJDK Runtime Environment (8.0_152-b06) (build 1.8.0_152-release-1136-b06)
# Java VM: OpenJDK 64-Bit Server VM (25.152-b06 mixed mode windows-amd64 compressed oops)
Heap:
 PSYoungGen      total 199168K, used 4300K [0x00000000e0000000, 0x00000000edc80000, 0x0000000100000000)
  eden space 182272K, 2% used [0x00000000e0000000,0x00000000e0433100,0x00000000eb200000)
  from space 16896K, 0% used [0x00000000ec680000,0x00000000ec680000,0x00000000ed700000)
  to   space 20992K, 0% used [0x00000000eb200000,0x00000000eb200000,0x00000000ec680000)
 ParOldGen       total 147968K, used 36961K [0x00000000a0000000, 0x00000000a9080000, 0x00000000e0000000)
  object space 147968K, 24% used [0x00000000a0000000,0x00000000a24186e0,0x00000000a9080000)
 Metaspace       used 57179K, capacity 59063K, committed 59156K, reserved 1099776K
  class space    used 7710K, capacity 8228K, committed 8320K, reserved 1048576K
GC Heap History (10 events):
Event: 6.559 GC heap before
{Heap before GC invocations=9 (full 1):
 PSYoungGen      total 138240K, used 30317K [0x00000000e0000000, 0x00000000ea900000, 0x0000000100000000)
  eden space 128512K, 16% used [0x00000000e0000000,0x00000000e141cb88,0x00000000e7d80000)
  from space 9728K, 99% used [0x00000000e7d80000,0x00000000e86fec00,0x00000000e8700000)
  to   space 12288K, 0% used [0x00000000e9d00000,0x00000000e9d00000,0x00000000ea900000)
 ParOldGen       total 60416K, used 11712K [0x00000000a0000000, 0x00000000a3b00000, 0x00000000e0000000)
  object space 60416K, 19% used [0x00000000a0000000,0x00000000a0b702c8,0x00000000a3b00000)
 Metaspace       used 34446K, capacity 35308K, committed 35416K, reserved 1079296K
  class space    used 4737K, capacity 5026K, committed 5120K, reserved 1048576K
Event: 6.572 GC heap after
Heap after GC invocations=9 (full 1):
 PSYoungGen      total 159744K, used 10729K [0x00000000e0000000, 0x00000000eda00000, 0x0000000100000000)
  eden space 147456K, 0% used [0x00000000e0000000,0x00000000e0000000,0x00000000e9000000)
  from space 12288K, 87% used [0x00000000e9d00000,0x00000000ea77a718,0x00000000ea900000)
  to   space 13312K, 0% used [0x00000000e9000000,0x00000000e9000000,0x00000000e9d00000)
 ParOldGen       total 60416K, used 11720K [0x00000000a0000000, 0x00000000a3b00000, 0x00000000e0000000)
  object space 60416K, 19% used [0x00000000a0000000,0x00000000a0b722c8,0x00000000a3b00000)
 Metaspace       used 34446K, capacity 35308K, committed 35416K, reserved 1079296K
  class space    used 4737K, capacity 5026K, committed 5120K, reserved 1048576K
}
Event: 6.572 GC heap before
{Heap before GC invocations=10 (full 2):
 PSYoungGen      total 159744K, used 10729K [0x00000000e0000000, 0x00000000eda00000, 0x0000000100000000)
  eden space 147456K, 0% used [0x00000000e0000000,0x00000000e0000000,0x00000000e9000000)
  from space 12288K, 87% used [0x00000000e9d00000,0x00000000ea77a718,0x00000000ea900000)
  to   space 13312K, 0% used [0x00000000e9000000,0x00000000e9000000,0x00000000e9d00000)
 ParOldGen       total 60416K, used 11720K [0x00000000a0000000, 0x00000000a3b00000, 0x00000000e0000000)
  object space 60416K, 19% used [0x00000000a0000000,0x00000000a0b722c8,0x00000000a3b00000)
 Metaspace       used 34446K, capacity 35308K, committed 35416K, reserved 1079296K
  class space    used 4737K, capacity 5026K, committed 5120K, reserved 1048576K
Event: 6.666 GC heap after
Heap after GC invocations=10 (full 2):
 PSYoungGen      total 159744K, used 0K [0x00000000e0000000, 0x00000000eda00000, 0x0000000100000000)
  eden space 147456K, 0% used [0x00000000e0000000,0x00000000e0000000,0x00000000e9000000)
  from space 12288K, 0% used [0x00000000e9d00000,0x00000000e9d00000,0x00000000ea900000)
  to   space 13312K, 0% used [0x00000000e9000000,0x00000000e9000000,0x00000000e9d00000)
 ParOldGen       total 96256K, used 17234K [0x00000000a0000000, 0x00000000a5e00000, 0x00000000e0000000)
  object space 96256K, 17% used [0x00000000a0000000,0x00000000a10d4860,0x00000000a5e00000)
 Metaspace       used 34422K, capacity 35220K, committed 35416K, reserved 1079296K
  class space    used 4731K, capacity 5018K, committed 5120K, reserved 1048576K
}
Event: 8.681 GC heap before
{Heap before GC invocations=11 (full 2):
 PSYoungGen      total 159744K, used 147456K [0x00000000e0000000, 0x00000000eda00000, 0x0000000100000000)
  eden space 147456K, 100% used [0x00000000e0000000,0x00000000e9000000,0x00000000e9000000)
  from space 12288K, 0% used [0x00000000e9d00000,0x00000000e9d00000,0x00000000ea900000)
  to   space 13312K, 0% used [0x00000000e9000000,0x00000000e9000000,0x00000000e9d00000)
 ParOldGen       total 96256K, used 17234K [0x00000000a0000000, 0x00000000a5e00000, 0x00000000e0000000)
  object space 96256K, 17% used [0x00000000a0000000,0x00000000a10d4860,0x00000000a5e00000)
 Metaspace       used 45914K, capacity 47070K, committed 47232K, reserved 1089536K
  class space    used 6125K, capacity 6483K, committed 6528K, reserved 1048576K
Event: 8.712 GC heap after
Heap after GC invocations=11 (full 2):
 PSYoungGen      total 160768K, used 13284K [0x00000000e0000000, 0x00000000ed700000, 0x0000000100000000)
  eden space 147456K, 0% used [0x00000000e0000000,0x00000000e0000000,0x00000000e9000000)
  from space 13312K, 99% used [0x00000000e9000000,0x00000000e9cf92b8,0x00000000e9d00000)
  to   space 16896K, 0% used [0x00000000ec680000,0x00000000ec680000,0x00000000ed700000)
 ParOldGen       total 96256K, used 21803K [0x00000000a0000000, 0x00000000a5e00000, 0x00000000e0000000)
  object space 96256K, 22% used [0x00000000a0000000,0x00000000a154ac38,0x00000000a5e00000)
 Metaspace       used 45914K, capacity 47070K, committed 47232K, reserved 1089536K
  class space    used 6125K, capacity 6483K, committed 6528K, reserved 1048576K
}
Event: 11.223 GC heap before
{Heap before GC invocations=12 (full 2):
 PSYoungGen      total 160768K, used 143383K [0x00000000e0000000, 0x00000000ed700000, 0x0000000100000000)
  eden space 147456K, 88% used [0x00000000e0000000,0x00000000e7f0cb10,0x00000000e9000000)
  from space 13312K, 99% used [0x00000000e9000000,0x00000000e9cf92b8,0x00000000e9d00000)
  to   space 16896K, 0% used [0x00000000ec680000,0x00000000ec680000,0x00000000ed700000)
 ParOldGen       total 96256K, used 21803K [0x00000000a0000000, 0x00000000a5e00000, 0x00000000e0000000)
  object space 96256K, 22% used [0x00000000a0000000,0x00000000a154ac38,0x00000000a5e00000)
 Metaspace       used 57083K, capacity 58953K, committed 59028K, reserved 1099776K
  class space    used 7689K, capacity 8192K, committed 8192K, reserved 1048576K
Event: 11.246 GC heap after
Heap after GC invocations=12 (full 2):
 PSYoungGen      total 199168K, used 16872K [0x00000000e0000000, 0x00000000edc80000, 0x0000000100000000)
  eden space 182272K, 0% used [0x00000000e0000000,0x00000000e0000000,0x00000000eb200000)
  from space 16896K, 99% used [0x00000000ec680000,0x00000000ed6fa220,0x00000000ed700000)
  to   space 20992K, 0% used [0x00000000eb200000,0x00000000eb200000,0x00000000ec680000)
 ParOldGen       total 96256K, used 26813K [0x00000000a0000000, 0x00000000a5e00000, 0x00000000e0000000)
  object space 96256K, 27% used [0x00000000a0000000,0x00000000a1a2f580,0x00000000a5e00000)
 Metaspace       used 57083K, capacity 58953K, committed 59028K, reserved 1099776K
  class space    used 7689K, capacity 8192K, committed 8192K, reserved 1048576K
}
Event: 11.246 GC heap before
{Heap before GC invocations=13 (full 3):
 PSYoungGen      total 199168K, used 16872K [0x00000000e0000000, 0x00000000edc80000, 0x0000000100000000)
  eden space 182272K, 0% used [0x00000000e0000000,0x00000000e0000000,0x00000000eb200000)
  from space 16896K, 99% used [0x00000000ec680000,0x00000000ed6fa220,0x00000000ed700000)
  to   space 20992K, 0% used [0x00000000eb200000,0x00000000eb200000,0x00000000ec680000)
 ParOldGen       total 96256K, used 26813K [0x00000000a0000000, 0x00000000a5e00000, 0x00000000e0000000)
  object space 96256K, 27% used [0x00000000a0000000,0x00000000a1a2f580,0x00000000a5e00000)
 Metaspace       used 57083K, capacity 58953K, committed 59028K, reserved 1099776K
  class space    used 7689K, capacity 8192K, committed 8192K, reserved 1048576K
Event: 11.485 GC heap after
Heap after GC invocations=13 (full 3):
 PSYoungGen      total 199168K, used 0K [0x00000000e0000000, 0x00000000edc80000, 0x0000000100000000)
  eden space 182272K, 0% used [0x00000000e0000000,0x00000000e0000000,0x00000000eb200000)
  from space 16896K, 0% used [0x00000000ec680000,0x00000000ec680000,0x00000000ed700000)
  to   space 20992K, 0% used [0x00000000eb200000,0x00000000eb200000,0x00000000ec680000)
 ParOldGen       total 147968K, used 36961K [0x00000000a0000000, 0x00000000a9080000, 0x00000000e0000000)
  object space 147968K, 24% used [0x00000000a0000000,0x00000000a24186e0,0x00000000a9080000)
 Metaspace       used 57083K, capacity 58953K, committed 59028K, reserved 1099776K
  class space    used 7689K, capacity 8192K, committed 8192K, reserved 1048576K
}

