# JRE version: OpenJDK Runtime Environment (8.0_152-b06) (build 1.8.0_152-release-1136-b06)
# Java VM: OpenJDK 64-Bit Server VM (25.152-b06 mixed mode windows-amd64 compressed oops)
Heap:
 PSYoungGen      total 70656K, used 58211K [0x00000000d6000000, 0x00000000daa00000, 0x0000000100000000)
  eden space 65536K, 88% used [0x00000000d6000000,0x00000000d98d8ec8,0x00000000da000000)
  from space 5120K, 0% used [0x00000000da000000,0x00000000da000000,0x00000000da500000)
  to   space 5120K, 0% used [0x00000000da500000,0x00000000da500000,0x00000000daa00000)
 ParOldGen       total 65024K, used 23236K [0x0000000082000000, 0x0000000085f80000, 0x00000000d6000000)
  object space 65024K, 35% used [0x0000000082000000,0x00000000836b1018,0x0000000085f80000)
 Metaspace       used 38442K, capacity 39064K, committed 39464K, reserved 1083392K
  class space    used 4729K, capacity 4896K, committed 4912K, reserved 1048576K
GC Heap History (10 events):
Event: 1.344 GC heap before
{Heap before GC invocations=3 (full 0):
 PSYoungGen      total 70656K, used 21168K [0x00000000d6000000, 0x00000000daa00000, 0x0000000100000000)
  eden space 65536K, 24% used [0x00000000d6000000,0x00000000d6fb0288,0x00000000da000000)
  from space 5120K, 99% used [0x00000000da500000,0x00000000da9fc020,0x00000000daa00000)
  to   space 5120K, 0% used [0x00000000da000000,0x00000000da000000,0x00000000da500000)
 ParOldGen       total 86016K, used 7942K [0x0000000082000000, 0x0000000087400000, 0x00000000d6000000)
  object space 86016K, 9% used [0x0000000082000000,0x00000000827c19c8,0x0000000087400000)
 Metaspace       used 20761K, capacity 21124K, committed 21296K, reserved 1067008K
  class space    used 2662K, capacity 2818K, committed 2864K, reserved 1048576K
Event: 1.352 GC heap after
Heap after GC invocations=3 (full 0):
 PSYoungGen      total 70656K, used 5120K [0x00000000d6000000, 0x00000000daa00000, 0x0000000100000000)
  eden space 65536K, 0% used [0x00000000d6000000,0x00000000d6000000,0x00000000da000000)
  from space 5120K, 100% used [0x00000000da000000,0x00000000da500000,0x00000000da500000)
  to   space 5120K, 0% used [0x00000000da500000,0x00000000da500000,0x00000000daa00000)
 ParOldGen       total 86016K, used 11475K [0x0000000082000000, 0x0000000087400000, 0x00000000d6000000)
  object space 86016K, 13% used [0x0000000082000000,0x0000000082b34ee8,0x0000000087400000)
 Metaspace       used 20761K, capacity 21124K, committed 21296K, reserved 1067008K
  class space    used 2662K, capacity 2818K, committed 2864K, reserved 1048576K
}
Event: 1.352 GC heap before
{Heap before GC invocations=4 (full 1):
 PSYoungGen      total 70656K, used 5120K [0x00000000d6000000, 0x00000000daa00000, 0x0000000100000000)
  eden space 65536K, 0% used [0x00000000d6000000,0x00000000d6000000,0x00000000da000000)
  from space 5120K, 100% used [0x00000000da000000,0x00000000da500000,0x00000000da500000)
  to   space 5120K, 0% used [0x00000000da500000,0x00000000da500000,0x00000000daa00000)
 ParOldGen       total 86016K, used 11475K [0x0000000082000000, 0x0000000087400000, 0x00000000d6000000)
  object space 86016K, 13% used [0x0000000082000000,0x0000000082b34ee8,0x0000000087400000)
 Metaspace       used 20761K, capacity 21124K, committed 21296K, reserved 1067008K
  class space    used 2662K, capacity 2818K, committed 2864K, reserved 1048576K
Event: 1.386 GC heap after
Heap after GC invocations=4 (full 1):
 PSYoungGen      total 70656K, used 0K [0x00000000d6000000, 0x00000000daa00000, 0x0000000100000000)
  eden space 65536K, 0% used [0x00000000d6000000,0x00000000d6000000,0x00000000da000000)
  from space 5120K, 0% used [0x00000000da000000,0x00000000da000000,0x00000000da500000)
  to   space 5120K, 0% used [0x00000000da500000,0x00000000da500000,0x00000000daa00000)
 ParOldGen       total 65024K, used 8620K [0x0000000082000000, 0x0000000085f80000, 0x00000000d6000000)
  object space 65024K, 13% used [0x0000000082000000,0x000000008286b0d8,0x0000000085f80000)
 Metaspace       used 20761K, capacity 21124K, committed 21296K, reserved 1067008K
  class space    used 2662K, capacity 2818K, committed 2864K, reserved 1048576K
}
Event: 2.433 GC heap before
{Heap before GC invocations=5 (full 1):
 PSYoungGen      total 70656K, used 65536K [0x00000000d6000000, 0x00000000daa00000, 0x0000000100000000)
  eden space 65536K, 100% used [0x00000000d6000000,0x00000000da000000,0x00000000da000000)
  from space 5120K, 0% used [0x00000000da000000,0x00000000da000000,0x00000000da500000)
  to   space 5120K, 0% used [0x00000000da500000,0x00000000da500000,0x00000000daa00000)
 ParOldGen       total 65024K, used 8620K [0x0000000082000000, 0x0000000085f80000, 0x00000000d6000000)
  object space 65024K, 13% used [0x0000000082000000,0x000000008286b0d8,0x0000000085f80000)
 Metaspace       used 29569K, capacity 29942K, committed 30256K, reserved 1075200K
  class space    used 3741K, capacity 3863K, committed 3888K, reserved 1048576K
Event: 2.449 GC heap after
Heap after GC invocations=5 (full 1):
 PSYoungGen      total 70656K, used 5117K [0x00000000d6000000, 0x00000000daa00000, 0x0000000100000000)
  eden space 65536K, 0% used [0x00000000d6000000,0x00000000d6000000,0x00000000da000000)
  from space 5120K, 99% used [0x00000000da500000,0x00000000da9ff740,0x00000000daa00000)
  to   space 5120K, 0% used [0x00000000da000000,0x00000000da000000,0x00000000da500000)
 ParOldGen       total 65024K, used 20357K [0x0000000082000000, 0x0000000085f80000, 0x00000000d6000000)
  object space 65024K, 31% used [0x0000000082000000,0x00000000833e1630,0x0000000085f80000)
 Metaspace       used 29569K, capacity 29942K, committed 30256K, reserved 1075200K
  class space    used 3741K, capacity 3863K, committed 3888K, reserved 1048576K
}
Event: 3.142 GC heap before
{Heap before GC invocations=6 (full 1):
 PSYoungGen      total 70656K, used 58634K [0x00000000d6000000, 0x00000000daa00000, 0x0000000100000000)
  eden space 65536K, 81% used [0x00000000d6000000,0x00000000d9443260,0x00000000da000000)
  from space 5120K, 99% used [0x00000000da500000,0x00000000da9ff740,0x00000000daa00000)
  to   space 5120K, 0% used [0x00000000da000000,0x00000000da000000,0x00000000da500000)
 ParOldGen       total 65024K, used 20357K [0x0000000082000000, 0x0000000085f80000, 0x00000000d6000000)
  object space 65024K, 31% used [0x0000000082000000,0x00000000833e1630,0x0000000085f80000)
 Metaspace       used 34684K, capacity 35175K, committed 35496K, reserved 1081344K
  class space    used 4337K, capacity 4500K, committed 4528K, reserved 1048576K
Event: 3.156 GC heap after
Heap after GC invocations=6 (full 1):
 PSYoungGen      total 70656K, used 5117K [0x00000000d6000000, 0x00000000daa00000, 0x0000000100000000)
  eden space 65536K, 0% used [0x00000000d6000000,0x00000000d6000000,0x00000000da000000)
  from space 5120K, 99% used [0x00000000da000000,0x00000000da4ff508,0x00000000da500000)
  to   space 5120K, 0% used [0x00000000da500000,0x00000000da500000,0x00000000daa00000)
 ParOldGen       total 65024K, used 31118K [0x0000000082000000, 0x0000000085f80000, 0x00000000d6000000)
  object space 65024K, 47% used [0x0000000082000000,0x0000000083e63b68,0x0000000085f80000)
 Metaspace       used 34684K, capacity 35175K, committed 35496K, reserved 1081344K
  class space    used 4337K, capacity 4500K, committed 4528K, reserved 1048576K
}
Event: 3.156 GC heap before
{Heap before GC invocations=7 (full 2):
 PSYoungGen      total 70656K, used 5117K [0x00000000d6000000, 0x00000000daa00000, 0x0000000100000000)
  eden space 65536K, 0% used [0x00000000d6000000,0x00000000d6000000,0x00000000da000000)
  from space 5120K, 99% used [0x00000000da000000,0x00000000da4ff508,0x00000000da500000)
  to   space 5120K, 0% used [0x00000000da500000,0x00000000da500000,0x00000000daa00000)
 ParOldGen       total 65024K, used 31118K [0x0000000082000000, 0x0000000085f80000, 0x00000000d6000000)
  object space 65024K, 47% used [0x0000000082000000,0x0000000083e63b68,0x0000000085f80000)
 Metaspace       used 34684K, capacity 35175K, committed 35496K, reserved 1081344K
  class space    used 4337K, capacity 4500K, committed 4528K, reserved 1048576K
Event: 3.244 GC heap after
Heap after GC invocations=7 (full 2):
 PSYoungGen      total 70656K, used 0K [0x00000000d6000000, 0x00000000daa00000, 0x0000000100000000)
  eden space 65536K, 0% used [0x00000000d6000000,0x00000000d6000000,0x00000000da000000)
  from space 5120K, 0% used [0x00000000da000000,0x00000000da000000,0x00000000da500000)
  to   space 5120K, 0% used [0x00000000da500000,0x00000000da500000,0x00000000daa00000)
 ParOldGen       total 65024K, used 23236K [0x0000000082000000, 0x0000000085f80000, 0x00000000d6000000)
  object space 65024K, 35% used [0x0000000082000000,0x00000000836b1018,0x0000000085f80000)
 Metaspace       used 34684K, capacity 35175K, committed 35496K, reserved 1081344K
  class space    used 4337K, capacity 4500K, committed 4528K, reserved 1048576K
}

