# JRE version: OpenJDK Runtime Environment (8.0_152-b06) (build 1.8.0_152-release-1136-b06)
# Java VM: OpenJDK 64-Bit Server VM (25.152-b06 mixed mode windows-amd64 compressed oops)
Heap:
 PSYoungGen      total 206336K, used 51430K [0x00000000e0000000, 0x00000000f2400000, 0x0000000100000000)
  eden space 190464K, 18% used [0x00000000e0000000,0x00000000e22bc3e0,0x00000000eba00000)
  from space 15872K, 99% used [0x00000000eba00000,0x00000000ec97d758,0x00000000ec980000)
  to   space 21504K, 0% used [0x00000000f0f00000,0x00000000f0f00000,0x00000000f2400000)
 ParOldGen       total 114176K, used 30640K [0x00000000a0000000, 0x00000000a6f80000, 0x00000000e0000000)
  object space 114176K, 26% used [0x00000000a0000000,0x00000000a1dec2c8,0x00000000a6f80000)
 Metaspace       used 52602K, capacity 53852K, committed 54016K, reserved 1095680K
  class space    used 6973K, capacity 7338K, committed 7424K, reserved 1048576K
GC Heap History (10 events):
Event: 2.947 GC heap before
{Heap before GC invocations=5 (full 1):
 PSYoungGen      total 136192K, used 5104K [0x00000000e0000000, 0x00000000e8a00000, 0x0000000100000000)
  eden space 131072K, 0% used [0x00000000e0000000,0x00000000e0000000,0x00000000e8000000)
  from space 5120K, 99% used [0x00000000e8500000,0x00000000e89fc040,0x00000000e8a00000)
  to   space 5120K, 0% used [0x00000000e8000000,0x00000000e8000000,0x00000000e8500000)
 ParOldGen       total 86016K, used 8948K [0x00000000a0000000, 0x00000000a5400000, 0x00000000e0000000)
  object space 86016K, 10% used [0x00000000a0000000,0x00000000a08bd210,0x00000000a5400000)
 Metaspace       used 20823K, capacity 21198K, committed 21248K, reserved 1067008K
  class space    used 2913K, capacity 3042K, committed 3072K, reserved 1048576K
Event: 2.986 GC heap after
Heap after GC invocations=5 (full 1):
 PSYoungGen      total 136192K, used 0K [0x00000000e0000000, 0x00000000e8a00000, 0x0000000100000000)
  eden space 131072K, 0% used [0x00000000e0000000,0x00000000e0000000,0x00000000e8000000)
  from space 5120K, 0% used [0x00000000e8500000,0x00000000e8500000,0x00000000e8a00000)
  to   space 5120K, 0% used [0x00000000e8000000,0x00000000e8000000,0x00000000e8500000)
 ParOldGen       total 64000K, used 8745K [0x00000000a0000000, 0x00000000a3e80000, 0x00000000e0000000)
  object space 64000K, 13% used [0x00000000a0000000,0x00000000a088a780,0x00000000a3e80000)
 Metaspace       used 20823K, capacity 21198K, committed 21248K, reserved 1067008K
  class space    used 2913K, capacity 3042K, committed 3072K, reserved 1048576K
}
Event: 5.043 GC heap before
{Heap before GC invocations=6 (full 1):
 PSYoungGen      total 136192K, used 131072K [0x00000000e0000000, 0x00000000e8a00000, 0x0000000100000000)
  eden space 131072K, 100% used [0x00000000e0000000,0x00000000e8000000,0x00000000e8000000)
  from space 5120K, 0% used [0x00000000e8500000,0x00000000e8500000,0x00000000e8a00000)
  to   space 5120K, 0% used [0x00000000e8000000,0x00000000e8000000,0x00000000e8500000)
 ParOldGen       total 64000K, used 8745K [0x00000000a0000000, 0x00000000a3e80000, 0x00000000e0000000)
  object space 64000K, 13% used [0x00000000a0000000,0x00000000a088a780,0x00000000a3e80000)
 Metaspace       used 29890K, capacity 30612K, committed 30848K, reserved 1075200K
  class space    used 4204K, capacity 4421K, committed 4480K, reserved 1048576K
Event: 5.059 GC heap after
Heap after GC invocations=6 (full 1):
 PSYoungGen      total 136192K, used 5104K [0x00000000e0000000, 0x00000000eda80000, 0x0000000100000000)
  eden space 131072K, 0% used [0x00000000e0000000,0x00000000e0000000,0x00000000e8000000)
  from space 5120K, 99% used [0x00000000e8000000,0x00000000e84fc010,0x00000000e8500000)
  to   space 14848K, 0% used [0x00000000ecc00000,0x00000000ecc00000,0x00000000eda80000)
 ParOldGen       total 64000K, used 16649K [0x00000000a0000000, 0x00000000a3e80000, 0x00000000e0000000)
  object space 64000K, 26% used [0x00000000a0000000,0x00000000a1042588,0x00000000a3e80000)
 Metaspace       used 29890K, capacity 30612K, committed 30848K, reserved 1075200K
  class space    used 4204K, capacity 4421K, committed 4480K, reserved 1048576K
}
Event: 6.955 GC heap before
{Heap before GC invocations=7 (full 1):
 PSYoungGen      total 136192K, used 62950K [0x00000000e0000000, 0x00000000eda80000, 0x0000000100000000)
  eden space 131072K, 44% used [0x00000000e0000000,0x00000000e387d990,0x00000000e8000000)
  from space 5120K, 99% used [0x00000000e8000000,0x00000000e84fc010,0x00000000e8500000)
  to   space 14848K, 0% used [0x00000000ecc00000,0x00000000ecc00000,0x00000000eda80000)
 ParOldGen       total 64000K, used 16649K [0x00000000a0000000, 0x00000000a3e80000, 0x00000000e0000000)
  object space 64000K, 26% used [0x00000000a0000000,0x00000000a1042588,0x00000000a3e80000)
 Metaspace       used 34427K, capacity 35308K, committed 35416K, reserved 1079296K
  class space    used 4738K, capacity 5026K, committed 5120K, reserved 1048576K
Event: 6.968 GC heap after
Heap after GC invocations=7 (full 1):
 PSYoungGen      total 203776K, used 11539K [0x00000000e0000000, 0x00000000ed900000, 0x0000000100000000)
  eden space 190464K, 0% used [0x00000000e0000000,0x00000000e0000000,0x00000000eba00000)
  from space 13312K, 86% used [0x00000000ecc00000,0x00000000ed744ed8,0x00000000ed900000)
  to   space 15872K, 0% used [0x00000000eba00000,0x00000000eba00000,0x00000000ec980000)
 ParOldGen       total 64000K, used 16657K [0x00000000a0000000, 0x00000000a3e80000, 0x00000000e0000000)
  object space 64000K, 26% used [0x00000000a0000000,0x00000000a1044588,0x00000000a3e80000)
 Metaspace       used 34427K, capacity 35308K, committed 35416K, reserved 1079296K
  class space    used 4738K, capacity 5026K, committed 5120K, reserved 1048576K
}
Event: 6.968 GC heap before
{Heap before GC invocations=8 (full 2):
 PSYoungGen      total 203776K, used 11539K [0x00000000e0000000, 0x00000000ed900000, 0x0000000100000000)
  eden space 190464K, 0% used [0x00000000e0000000,0x00000000e0000000,0x00000000eba00000)
  from space 13312K, 86% used [0x00000000ecc00000,0x00000000ed744ed8,0x00000000ed900000)
  to   space 15872K, 0% used [0x00000000eba00000,0x00000000eba00000,0x00000000ec980000)
 ParOldGen       total 64000K, used 16657K [0x00000000a0000000, 0x00000000a3e80000, 0x00000000e0000000)
  object space 64000K, 26% used [0x00000000a0000000,0x00000000a1044588,0x00000000a3e80000)
 Metaspace       used 34427K, capacity 35308K, committed 35416K, reserved 1079296K
  class space    used 4738K, capacity 5026K, committed 5120K, reserved 1048576K
Event: 7.061 GC heap after
Heap after GC invocations=8 (full 2):
 PSYoungGen      total 203776K, used 0K [0x00000000e0000000, 0x00000000ed900000, 0x0000000100000000)
  eden space 190464K, 0% used [0x00000000e0000000,0x00000000e0000000,0x00000000eba00000)
  from space 13312K, 0% used [0x00000000ecc00000,0x00000000ecc00000,0x00000000ed900000)
  to   space 15872K, 0% used [0x00000000eba00000,0x00000000eba00000,0x00000000ec980000)
 ParOldGen       total 114176K, used 24662K [0x00000000a0000000, 0x00000000a6f80000, 0x00000000e0000000)
  object space 114176K, 21% used [0x00000000a0000000,0x00000000a1815bf0,0x00000000a6f80000)
 Metaspace       used 34403K, capacity 35220K, committed 35416K, reserved 1079296K
  class space    used 4731K, capacity 5018K, committed 5120K, reserved 1048576K
}
Event: 11.594 GC heap before
{Heap before GC invocations=9 (full 2):
 PSYoungGen      total 203776K, used 190464K [0x00000000e0000000, 0x00000000ed900000, 0x0000000100000000)
  eden space 190464K, 100% used [0x00000000e0000000,0x00000000eba00000,0x00000000eba00000)
  from space 13312K, 0% used [0x00000000ecc00000,0x00000000ecc00000,0x00000000ed900000)
  to   space 15872K, 0% used [0x00000000eba00000,0x00000000eba00000,0x00000000ec980000)
 ParOldGen       total 114176K, used 24662K [0x00000000a0000000, 0x00000000a6f80000, 0x00000000e0000000)
  object space 114176K, 21% used [0x00000000a0000000,0x00000000a1815bf0,0x00000000a6f80000)
 Metaspace       used 51477K, capacity 52588K, committed 52864K, reserved 1095680K
  class space    used 6870K, capacity 7214K, committed 7296K, reserved 1048576K
Event: 11.618 GC heap after
Heap after GC invocations=9 (full 2):
 PSYoungGen      total 206336K, used 15861K [0x00000000e0000000, 0x00000000f2400000, 0x0000000100000000)
  eden space 190464K, 0% used [0x00000000e0000000,0x00000000e0000000,0x00000000eba00000)
  from space 15872K, 99% used [0x00000000eba00000,0x00000000ec97d758,0x00000000ec980000)
  to   space 21504K, 0% used [0x00000000f0f00000,0x00000000f0f00000,0x00000000f2400000)
 ParOldGen       total 114176K, used 30640K [0x00000000a0000000, 0x00000000a6f80000, 0x00000000e0000000)
  object space 114176K, 26% used [0x00000000a0000000,0x00000000a1dec2c8,0x00000000a6f80000)
 Metaspace       used 51477K, capacity 52588K, committed 52864K, reserved 1095680K
  class space    used 6870K, capacity 7214K, committed 7296K, reserved 1048576K
}

