# JRE version: OpenJDK Runtime Environment (8.0_152-b06) (build 1.8.0_152-release-1136-b06)
# Java VM: OpenJDK 64-Bit Server VM (25.152-b06 mixed mode windows-amd64 compressed oops)
Heap:
 PSYoungGen      total 96768K, used 52703K [0x00000000e0000000, 0x00000000e6b00000, 0x0000000100000000)
  eden space 83968K, 52% used [0x00000000e0000000,0x00000000e2ae3748,0x00000000e5200000)
  from space 12800K, 68% used [0x00000000e5200000,0x00000000e5a947d8,0x00000000e5e80000)
  to   space 10752K, 0% used [0x00000000e6000000,0x00000000e6000000,0x00000000e6a80000)
 ParOldGen       total 96768K, used 18308K [0x00000000a0000000, 0x00000000a5e80000, 0x00000000e0000000)
  object space 96768K, 18% used [0x00000000a0000000,0x00000000a11e1070,0x00000000a5e80000)
 Metaspace       used 45114K, capacity 46148K, committed 46592K, reserved 1089536K
  class space    used 5983K, capacity 6307K, committed 6400K, reserved 1048576K
GC Heap History (10 events):
Event: 6.902 GC heap before
{Heap before GC invocations=7 (full 1):
 PSYoungGen      total 70656K, used 65536K [0x00000000e0000000, 0x00000000e4a00000, 0x0000000100000000)
  eden space 65536K, 100% used [0x00000000e0000000,0x00000000e4000000,0x00000000e4000000)
  from space 5120K, 0% used [0x00000000e4000000,0x00000000e4000000,0x00000000e4500000)
  to   space 5120K, 0% used [0x00000000e4500000,0x00000000e4500000,0x00000000e4a00000)
 ParOldGen       total 61440K, used 8527K [0x00000000a0000000, 0x00000000a3c00000, 0x00000000e0000000)
  object space 61440K, 13% used [0x00000000a0000000,0x00000000a0853c98,0x00000000a3c00000)
 Metaspace       used 25982K, capacity 26470K, committed 26624K, reserved 1073152K
  class space    used 3639K, capacity 3803K, committed 3840K, reserved 1048576K
Event: 6.908 GC heap after
Heap after GC invocations=7 (full 1):
 PSYoungGen      total 66048K, used 5117K [0x00000000e0000000, 0x00000000e7200000, 0x0000000100000000)
  eden space 60928K, 0% used [0x00000000e0000000,0x00000000e0000000,0x00000000e3b80000)
  from space 5120K, 99% used [0x00000000e4500000,0x00000000e49ff5c8,0x00000000e4a00000)
  to   space 9728K, 0% used [0x00000000e3b80000,0x00000000e3b80000,0x00000000e4500000)
 ParOldGen       total 61440K, used 10018K [0x00000000a0000000, 0x00000000a3c00000, 0x00000000e0000000)
  object space 61440K, 16% used [0x00000000a0000000,0x00000000a09c8800,0x00000000a3c00000)
 Metaspace       used 25982K, capacity 26470K, committed 26624K, reserved 1073152K
  class space    used 3639K, capacity 3803K, committed 3840K, reserved 1048576K
}
Event: 8.874 GC heap before
{Heap before GC invocations=8 (full 1):
 PSYoungGen      total 66048K, used 66045K [0x00000000e0000000, 0x00000000e7200000, 0x0000000100000000)
  eden space 60928K, 100% used [0x00000000e0000000,0x00000000e3b80000,0x00000000e3b80000)
  from space 5120K, 99% used [0x00000000e4500000,0x00000000e49ff5c8,0x00000000e4a00000)
  to   space 9728K, 0% used [0x00000000e3b80000,0x00000000e3b80000,0x00000000e4500000)
 ParOldGen       total 61440K, used 10018K [0x00000000a0000000, 0x00000000a3c00000, 0x00000000e0000000)
  object space 61440K, 16% used [0x00000000a0000000,0x00000000a09c8800,0x00000000a3c00000)
 Metaspace       used 31001K, capacity 31586K, committed 31744K, reserved 1077248K
  class space    used 4316K, capacity 4507K, committed 4608K, reserved 1048576K
Event: 8.883 GC heap after
Heap after GC invocations=8 (full 1):
 PSYoungGen      total 70656K, used 9567K [0x00000000e0000000, 0x00000000e6a80000, 0x0000000100000000)
  eden space 60928K, 0% used [0x00000000e0000000,0x00000000e0000000,0x00000000e3b80000)
  from space 9728K, 98% used [0x00000000e3b80000,0x00000000e44d7ed8,0x00000000e4500000)
  to   space 10752K, 0% used [0x00000000e6000000,0x00000000e6000000,0x00000000e6a80000)
 ParOldGen       total 61440K, used 10026K [0x00000000a0000000, 0x00000000a3c00000, 0x00000000e0000000)
  object space 61440K, 16% used [0x00000000a0000000,0x00000000a09ca800,0x00000000a3c00000)
 Metaspace       used 31001K, capacity 31586K, committed 31744K, reserved 1077248K
  class space    used 4316K, capacity 4507K, committed 4608K, reserved 1048576K
}
Event: 19.865 GC heap before
{Heap before GC invocations=9 (full 1):
 PSYoungGen      total 70656K, used 67805K [0x00000000e0000000, 0x00000000e6a80000, 0x0000000100000000)
  eden space 60928K, 95% used [0x00000000e0000000,0x00000000e38df838,0x00000000e3b80000)
  from space 9728K, 98% used [0x00000000e3b80000,0x00000000e44d7ed8,0x00000000e4500000)
  to   space 10752K, 0% used [0x00000000e6000000,0x00000000e6000000,0x00000000e6a80000)
 ParOldGen       total 61440K, used 10026K [0x00000000a0000000, 0x00000000a3c00000, 0x00000000e0000000)
  object space 61440K, 16% used [0x00000000a0000000,0x00000000a09ca800,0x00000000a3c00000)
 Metaspace       used 34423K, capacity 35254K, committed 35416K, reserved 1079296K
  class space    used 4727K, capacity 5000K, committed 5120K, reserved 1048576K
Event: 19.877 GC heap after
Heap after GC invocations=9 (full 1):
 PSYoungGen      total 94720K, used 10739K [0x00000000e0000000, 0x00000000e6b00000, 0x0000000100000000)
  eden space 83968K, 0% used [0x00000000e0000000,0x00000000e0000000,0x00000000e5200000)
  from space 10752K, 99% used [0x00000000e6000000,0x00000000e6a7cf78,0x00000000e6a80000)
  to   space 12800K, 0% used [0x00000000e5200000,0x00000000e5200000,0x00000000e5e80000)
 ParOldGen       total 61440K, used 11192K [0x00000000a0000000, 0x00000000a3c00000, 0x00000000e0000000)
  object space 61440K, 18% used [0x00000000a0000000,0x00000000a0aee038,0x00000000a3c00000)
 Metaspace       used 34423K, capacity 35254K, committed 35416K, reserved 1079296K
  class space    used 4727K, capacity 5000K, committed 5120K, reserved 1048576K
}
Event: 19.877 GC heap before
{Heap before GC invocations=10 (full 2):
 PSYoungGen      total 94720K, used 10739K [0x00000000e0000000, 0x00000000e6b00000, 0x0000000100000000)
  eden space 83968K, 0% used [0x00000000e0000000,0x00000000e0000000,0x00000000e5200000)
  from space 10752K, 99% used [0x00000000e6000000,0x00000000e6a7cf78,0x00000000e6a80000)
  to   space 12800K, 0% used [0x00000000e5200000,0x00000000e5200000,0x00000000e5e80000)
 ParOldGen       total 61440K, used 11192K [0x00000000a0000000, 0x00000000a3c00000, 0x00000000e0000000)
  object space 61440K, 18% used [0x00000000a0000000,0x00000000a0aee038,0x00000000a3c00000)
 Metaspace       used 34423K, capacity 35254K, committed 35416K, reserved 1079296K
  class space    used 4727K, capacity 5000K, committed 5120K, reserved 1048576K
Event: 19.969 GC heap after
Heap after GC invocations=10 (full 2):
 PSYoungGen      total 94720K, used 0K [0x00000000e0000000, 0x00000000e6b00000, 0x0000000100000000)
  eden space 83968K, 0% used [0x00000000e0000000,0x00000000e0000000,0x00000000e5200000)
  from space 10752K, 0% used [0x00000000e6000000,0x00000000e6000000,0x00000000e6a80000)
  to   space 12800K, 0% used [0x00000000e5200000,0x00000000e5200000,0x00000000e5e80000)
 ParOldGen       total 96768K, used 18300K [0x00000000a0000000, 0x00000000a5e80000, 0x00000000e0000000)
  object space 96768K, 18% used [0x00000000a0000000,0x00000000a11df070,0x00000000a5e80000)
 Metaspace       used 34364K, capacity 35126K, committed 35416K, reserved 1079296K
  class space    used 4709K, capacity 4980K, committed 5120K, reserved 1048576K
}
Event: 22.258 GC heap before
{Heap before GC invocations=11 (full 2):
 PSYoungGen      total 94720K, used 83968K [0x00000000e0000000, 0x00000000e6b00000, 0x0000000100000000)
  eden space 83968K, 100% used [0x00000000e0000000,0x00000000e5200000,0x00000000e5200000)
  from space 10752K, 0% used [0x00000000e6000000,0x00000000e6000000,0x00000000e6a80000)
  to   space 12800K, 0% used [0x00000000e5200000,0x00000000e5200000,0x00000000e5e80000)
 ParOldGen       total 96768K, used 18300K [0x00000000a0000000, 0x00000000a5e80000, 0x00000000e0000000)
  object space 96768K, 18% used [0x00000000a0000000,0x00000000a11df070,0x00000000a5e80000)
 Metaspace       used 42247K, capacity 43172K, committed 43392K, reserved 1087488K
  class space    used 5670K, capacity 5981K, committed 6016K, reserved 1048576K
Event: 22.271 GC heap after
Heap after GC invocations=11 (full 2):
 PSYoungGen      total 96768K, used 8785K [0x00000000e0000000, 0x00000000e6b00000, 0x0000000100000000)
  eden space 83968K, 0% used [0x00000000e0000000,0x00000000e0000000,0x00000000e5200000)
  from space 12800K, 68% used [0x00000000e5200000,0x00000000e5a947d8,0x00000000e5e80000)
  to   space 10752K, 0% used [0x00000000e6000000,0x00000000e6000000,0x00000000e6a80000)
 ParOldGen       total 96768K, used 18308K [0x00000000a0000000, 0x00000000a5e80000, 0x00000000e0000000)
  object space 96768K, 18% used [0x00000000a0000000,0x00000000a11e1070,0x00000000a5e80000)
 Metaspace       used 42247K, capacity 43172K, committed 43392K, reserved 1087488K
  class space    used 5670K, capacity 5981K, committed 6016K, reserved 1048576K
}

