# JRE version: OpenJDK Runtime Environment (8.0_152-b06) (build 1.8.0_152-release-1136-b06)
# Java VM: OpenJDK 64-Bit Server VM (25.152-b06 mixed mode windows-amd64 compressed oops)
Heap:
 PSYoungGen      total 37888K, used 10950K [0x00000000d6000000, 0x00000000d8a00000, 0x0000000100000000)
  eden space 32768K, 17% used [0x00000000d6000000,0x00000000d65b2fb0,0x00000000d8000000)
  from space 5120K, 99% used [0x00000000d8000000,0x00000000d84fec10,0x00000000d8500000)
  to   space 5120K, 0% used [0x00000000d8500000,0x00000000d8500000,0x00000000d8a00000)
 ParOldGen       total 66560K, used 10302K [0x0000000082000000, 0x0000000086100000, 0x00000000d6000000)
  object space 66560K, 15% used [0x0000000082000000,0x0000000082a0f938,0x0000000086100000)
 Metaspace       used 21509K, capacity 21958K, committed 22144K, reserved 1069056K
  class space    used 2755K, capacity 2893K, committed 2944K, reserved 1048576K
GC Heap History (8 events):
Event: 0.559 GC heap before
{Heap before GC invocations=1 (full 0):
 PSYoungGen      total 37888K, used 32768K [0x00000000d6000000, 0x00000000d8a00000, 0x0000000100000000)
  eden space 32768K, 100% used [0x00000000d6000000,0x00000000d8000000,0x00000000d8000000)
  from space 5120K, 0% used [0x00000000d8500000,0x00000000d8500000,0x00000000d8a00000)
  to   space 5120K, 0% used [0x00000000d8000000,0x00000000d8000000,0x00000000d8500000)
 ParOldGen       total 86016K, used 0K [0x0000000082000000, 0x0000000087400000, 0x00000000d6000000)
  object space 86016K, 0% used [0x0000000082000000,0x0000000082000000,0x0000000087400000)
 Metaspace       used 9208K, capacity 9972K, committed 10112K, reserved 1058816K
  class space    used 1032K, capacity 1072K, committed 1152K, reserved 1048576K
Event: 0.565 GC heap after
Heap after GC invocations=1 (full 0):
 PSYoungGen      total 37888K, used 5106K [0x00000000d6000000, 0x00000000d8a00000, 0x0000000100000000)
  eden space 32768K, 0% used [0x00000000d6000000,0x00000000d6000000,0x00000000d8000000)
  from space 5120K, 99% used [0x00000000d8000000,0x00000000d84fcaa0,0x00000000d8500000)
  to   space 5120K, 0% used [0x00000000d8500000,0x00000000d8500000,0x00000000d8a00000)
 ParOldGen       total 86016K, used 2850K [0x0000000082000000, 0x0000000087400000, 0x00000000d6000000)
  object space 86016K, 3% used [0x0000000082000000,0x00000000822c8a20,0x0000000087400000)
 Metaspace       used 9208K, capacity 9972K, committed 10112K, reserved 1058816K
  class space    used 1032K, capacity 1072K, committed 1152K, reserved 1048576K
}
Event: 0.905 GC heap before
{Heap before GC invocations=2 (full 0):
 PSYoungGen      total 37888K, used 28395K [0x00000000d6000000, 0x00000000d8a00000, 0x0000000100000000)
  eden space 32768K, 71% used [0x00000000d6000000,0x00000000d76be340,0x00000000d8000000)
  from space 5120K, 99% used [0x00000000d8000000,0x00000000d84fcaa0,0x00000000d8500000)
  to   space 5120K, 0% used [0x00000000d8500000,0x00000000d8500000,0x00000000d8a00000)
 ParOldGen       total 86016K, used 2850K [0x0000000082000000, 0x0000000087400000, 0x00000000d6000000)
  object space 86016K, 3% used [0x0000000082000000,0x00000000822c8a20,0x0000000087400000)
 Metaspace       used 15056K, capacity 15288K, committed 15488K, reserved 1067008K
  class space    used 1762K, capacity 1822K, committed 1920K, reserved 1048576K
Event: 0.913 GC heap after
Heap after GC invocations=2 (full 0):
 PSYoungGen      total 37888K, used 5114K [0x00000000d6000000, 0x00000000d8a00000, 0x0000000100000000)
  eden space 32768K, 0% used [0x00000000d6000000,0x00000000d6000000,0x00000000d8000000)
  from space 5120K, 99% used [0x00000000d8500000,0x00000000d89fe8e0,0x00000000d8a00000)
  to   space 5120K, 0% used [0x00000000d8000000,0x00000000d8000000,0x00000000d8500000)
 ParOldGen       total 86016K, used 5844K [0x0000000082000000, 0x0000000087400000, 0x00000000d6000000)
  object space 86016K, 6% used [0x0000000082000000,0x00000000825b5008,0x0000000087400000)
 Metaspace       used 15056K, capacity 15288K, committed 15488K, reserved 1067008K
  class space    used 1762K, capacity 1822K, committed 1920K, reserved 1048576K
}
Event: 0.913 GC heap before
{Heap before GC invocations=3 (full 1):
 PSYoungGen      total 37888K, used 5114K [0x00000000d6000000, 0x00000000d8a00000, 0x0000000100000000)
  eden space 32768K, 0% used [0x00000000d6000000,0x00000000d6000000,0x00000000d8000000)
  from space 5120K, 99% used [0x00000000d8500000,0x00000000d89fe8e0,0x00000000d8a00000)
  to   space 5120K, 0% used [0x00000000d8000000,0x00000000d8000000,0x00000000d8500000)
 ParOldGen       total 86016K, used 5844K [0x0000000082000000, 0x0000000087400000, 0x00000000d6000000)
  object space 86016K, 6% used [0x0000000082000000,0x00000000825b5008,0x0000000087400000)
 Metaspace       used 15056K, capacity 15288K, committed 15488K, reserved 1067008K
  class space    used 1762K, capacity 1822K, committed 1920K, reserved 1048576K
Event: 0.945 GC heap after
Heap after GC invocations=3 (full 1):
 PSYoungGen      total 37888K, used 0K [0x00000000d6000000, 0x00000000d8a00000, 0x0000000100000000)
  eden space 32768K, 0% used [0x00000000d6000000,0x00000000d6000000,0x00000000d8000000)
  from space 5120K, 0% used [0x00000000d8500000,0x00000000d8500000,0x00000000d8a00000)
  to   space 5120K, 0% used [0x00000000d8000000,0x00000000d8000000,0x00000000d8500000)
 ParOldGen       total 66560K, used 7868K [0x0000000082000000, 0x0000000086100000, 0x00000000d6000000)
  object space 66560K, 11% used [0x0000000082000000,0x00000000827af198,0x0000000086100000)
 Metaspace       used 15056K, capacity 15288K, committed 15488K, reserved 1064960K
  class space    used 1762K, capacity 1822K, committed 1920K, reserved 1048576K
}
Event: 1.419 GC heap before
{Heap before GC invocations=4 (full 1):
 PSYoungGen      total 37888K, used 32768K [0x00000000d6000000, 0x00000000d8a00000, 0x0000000100000000)
  eden space 32768K, 100% used [0x00000000d6000000,0x00000000d8000000,0x00000000d8000000)
  from space 5120K, 0% used [0x00000000d8500000,0x00000000d8500000,0x00000000d8a00000)
  to   space 5120K, 0% used [0x00000000d8000000,0x00000000d8000000,0x00000000d8500000)
 ParOldGen       total 66560K, used 7868K [0x0000000082000000, 0x0000000086100000, 0x00000000d6000000)
  object space 66560K, 11% used [0x0000000082000000,0x00000000827af198,0x0000000086100000)
 Metaspace       used 21507K, capacity 21954K, committed 22144K, reserved 1069056K
  class space    used 2755K, capacity 2893K, committed 2944K, reserved 1048576K
Event: 1.428 GC heap after
Heap after GC invocations=4 (full 1):
 PSYoungGen      total 37888K, used 5115K [0x00000000d6000000, 0x00000000d8a00000, 0x0000000100000000)
  eden space 32768K, 0% used [0x00000000d6000000,0x00000000d6000000,0x00000000d8000000)
  from space 5120K, 99% used [0x00000000d8000000,0x00000000d84fec10,0x00000000d8500000)
  to   space 5120K, 0% used [0x00000000d8500000,0x00000000d8500000,0x00000000d8a00000)
 ParOldGen       total 66560K, used 10302K [0x0000000082000000, 0x0000000086100000, 0x00000000d6000000)
  object space 66560K, 15% used [0x0000000082000000,0x0000000082a0f938,0x0000000086100000)
 Metaspace       used 21507K, capacity 21954K, committed 22144K, reserved 1069056K
  class space    used 2755K, capacity 2893K, committed 2944K, reserved 1048576K
}

